2025-03-02 20:40:53:4053 [32minfo[39m: [32mServer running on port 5000[39m
2025-03-02 20:40:53:4053 [32minfo[39m: [32mMongoDB Connected[39m
2025-03-02 20:41:36:4136 [32minfo[39m: [32mServer running on port 5000[39m
2025-03-02 20:41:36:4136 [32minfo[39m: [32mMongoDB Connected[39m
2025-03-02 20:41:43:4143 [32minfo[39m: [32mServer running on port 5000[39m
2025-03-02 20:41:43:4143 [32minfo[39m: [32mMongoDB Connected[39m
2025-03-02 20:48:42:4842 [32minfo[39m: [32mPOST /api/auth/login[39m
2025-03-02 20:48:42:4842 [31merror[39m: [31mError: Invalid credentials[39m
2025-03-02 20:49:34:4934 [32minfo[39m: [32mPOST /api/auth/login[39m
2025-03-02 20:49:34:4934 [31merror[39m: [31mError: Invalid credentials[39m
2025-03-02 20:50:04:504 [32minfo[39m: [32mPOST /api/auth/register[39m
2025-03-02 20:50:05:505 [32minfo[39m: [32mGET /api/bookings[39m
2025-03-02 20:50:05:505 [31merror[39m: [31mError: Not authorized to access this route[39m
2025-03-02 20:50:25:5025 [32minfo[39m: [32mPOST /api/auth/login[39m
2025-03-02 20:50:25:5025 [32minfo[39m: [32mGET /api/bookings[39m
2025-03-02 20:50:36:5036 [32minfo[39m: [32mGET /api/aviapages/airports?term=lu[39m
2025-03-02 20:50:36:5036 [32minfo[39m: [32mGET /api/aviapages/airports?term=luc[39m
2025-03-02 20:50:36:5036 [32minfo[39m: [32mGET /api/aviapages/airports?term=luck[39m
2025-03-02 20:50:36:5036 [32minfo[39m: [32mGET /api/aviapages/airports?term=luckn[39m
2025-03-02 20:50:36:5036 [32minfo[39m: [32mGET /api/aviapages/airports?term=luckno[39m
2025-03-02 20:50:36:5036 [32minfo[39m: [32mGET /api/aviapages/airports?term=lucknow[39m
2025-03-02 20:50:37:5037 [31merror[39m: [31mError searching airports: Request failed with status code 401[39m
2025-03-02 20:50:37:5037 [31merror[39m: [31mAirport search error: Request failed with status code 401[39m
2025-03-02 20:50:37:5037 [31merror[39m: [31mError: Error searching airports[39m
2025-03-02 20:50:37:5037 [31merror[39m: [31mError searching airports: Request failed with status code 401[39m
2025-03-02 20:50:37:5037 [31merror[39m: [31mAirport search error: Request failed with status code 401[39m
2025-03-02 20:50:37:5037 [31merror[39m: [31mError: Error searching airports[39m
2025-03-02 20:50:37:5037 [31merror[39m: [31mError searching airports: Request failed with status code 401[39m
2025-03-02 20:50:37:5037 [31merror[39m: [31mAirport search error: Request failed with status code 401[39m
2025-03-02 20:50:37:5037 [31merror[39m: [31mError: Error searching airports[39m
2025-03-02 20:50:37:5037 [31merror[39m: [31mError searching airports: Request failed with status code 401[39m
2025-03-02 20:50:37:5037 [31merror[39m: [31mAirport search error: Request failed with status code 401[39m
2025-03-02 20:50:37:5037 [31merror[39m: [31mError: Error searching airports[39m
2025-03-02 20:50:37:5037 [31merror[39m: [31mError searching airports: Request failed with status code 401[39m
2025-03-02 20:50:37:5037 [31merror[39m: [31mAirport search error: Request failed with status code 401[39m
2025-03-02 20:50:37:5037 [31merror[39m: [31mError: Error searching airports[39m
2025-03-02 20:50:37:5037 [31merror[39m: [31mError searching airports: Request failed with status code 401[39m
2025-03-02 20:50:37:5037 [31merror[39m: [31mAirport search error: Request failed with status code 401[39m
2025-03-02 20:50:37:5037 [31merror[39m: [31mError: Error searching airports[39m
2025-03-02 20:50:41:5041 [32minfo[39m: [32mGET /api/aviapages/airports?term=lo[39m
2025-03-02 20:50:41:5041 [32minfo[39m: [32mGET /api/aviapages/airports?term=los[39m
2025-03-02 20:50:41:5041 [31merror[39m: [31mError searching airports: Request failed with status code 401[39m
2025-03-02 20:50:41:5041 [31merror[39m: [31mAirport search error: Request failed with status code 401[39m
2025-03-02 20:50:41:5041 [31merror[39m: [31mError: Error searching airports[39m
2025-03-02 20:50:42:5042 [31merror[39m: [31mError searching airports: Request failed with status code 401[39m
2025-03-02 20:50:42:5042 [31merror[39m: [31mAirport search error: Request failed with status code 401[39m
2025-03-02 20:50:42:5042 [31merror[39m: [31mError: Error searching airports[39m
2025-03-02 20:50:43:5043 [32minfo[39m: [32mGET /api/aviapages/airports?term=los[39m
2025-03-02 20:50:43:5043 [31merror[39m: [31mError searching airports: Request failed with status code 401[39m
2025-03-02 20:50:43:5043 [31merror[39m: [31mAirport search error: Request failed with status code 401[39m
2025-03-02 20:50:43:5043 [31merror[39m: [31mError: Error searching airports[39m
2025-03-02 20:50:43:5043 [32minfo[39m: [32mGET /api/aviapages/airports?term=los%20a[39m
2025-03-02 20:50:43:5043 [31merror[39m: [31mError searching airports: Request failed with status code 401[39m
2025-03-02 20:50:43:5043 [31merror[39m: [31mAirport search error: Request failed with status code 401[39m
2025-03-02 20:50:43:5043 [31merror[39m: [31mError: Error searching airports[39m
2025-03-02 20:50:43:5043 [32minfo[39m: [32mGET /api/aviapages/airports?term=los%20an[39m
2025-03-02 20:50:43:5043 [31merror[39m: [31mError searching airports: Request failed with status code 401[39m
2025-03-02 20:50:43:5043 [31merror[39m: [31mAirport search error: Request failed with status code 401[39m
2025-03-02 20:50:43:5043 [31merror[39m: [31mError: Error searching airports[39m
2025-03-02 20:53:02:532 [32minfo[39m: [32mGET /api/auth/me[39m
2025-03-02 20:53:02:532 [32minfo[39m: [32mGET /api/auth/me[39m
2025-03-02 20:54:20:5420 [32minfo[39m: [32mPOST /api/auth/login[39m
2025-03-02 20:55:23:5523 [32minfo[39m: [32mGET /api/auth/me[39m
2025-03-02 20:55:23:5523 [32minfo[39m: [32mGET /api/auth/me[39m
2025-03-02 20:55:51:5551 [32minfo[39m: [32mGET /api/auth/me[39m
2025-03-02 20:55:51:5551 [32minfo[39m: [32mGET /api/auth/me[39m
2025-03-02 20:56:03:563 [32minfo[39m: [32mGET /api/auth/me[39m
2025-03-02 20:56:03:563 [32minfo[39m: [32mGET /api/auth/me[39m
2025-03-02 20:56:17:5617 [32minfo[39m: [32mGET /api/auth/me[39m
2025-03-02 20:56:17:5617 [32minfo[39m: [32mGET /api/auth/me[39m
2025-03-02 20:56:17:5617 [32minfo[39m: [32mGET /api/bookings[39m
2025-03-02 20:56:36:5636 [32minfo[39m: [32mGET /api/auth/me[39m
2025-03-02 20:56:36:5636 [32minfo[39m: [32mGET /api/auth/me[39m
2025-03-02 20:56:39:5639 [32minfo[39m: [32mGET /api/auth/me[39m
2025-03-02 20:56:39:5639 [32minfo[39m: [32mGET /api/auth/me[39m
2025-03-02 20:56:45:5645 [32minfo[39m: [32mGET /api/auth/me[39m
2025-03-02 20:56:45:5645 [32minfo[39m: [32mGET /api/auth/me[39m
2025-03-02 20:56:46:5646 [32minfo[39m: [32mGET /api/auth/me[39m
2025-03-02 20:56:46:5646 [32minfo[39m: [32mGET /api/auth/me[39m
2025-03-02 20:58:20:5820 [32minfo[39m: [32mGET /api/auth/me[39m
2025-03-02 20:58:20:5820 [32minfo[39m: [32mGET /api/auth/me[39m
2025-03-02 20:58:21:5821 [32minfo[39m: [32mGET /api/bookings[39m
2025-03-02 21:08:50:850 [32minfo[39m: [32mServer running on port 5000[39m
2025-03-02 21:08:50:850 [32minfo[39m: [32mMongoDB Connected[39m
2025-03-02 21:16:50:1650 [32minfo[39m: [32mGET /api/aviapages/airports?term=ls[39m
2025-03-02 21:16:50:1650 [32minfo[39m: [32mGET /api/aviapages/airports?term=lsg[39m
2025-03-02 21:16:50:1650 [32minfo[39m: [32mGET /api/aviapages/airports?term=lsgg[39m
2025-03-02 21:16:51:1651 [32minfo[39m: [32mFound 0 airports for term: lsg[39m
2025-03-02 21:16:51:1651 [32minfo[39m: [32mFound 258 airports for term: ls[39m
2025-03-02 21:16:51:1651 [32minfo[39m: [32mFound 1 airports for term: lsgg[39m
2025-03-02 21:16:54:1654 [32minfo[39m: [32mGET /api/aviapages/airports?term=nc[39m
2025-03-02 21:16:55:1655 [32minfo[39m: [32mFound 989 airports for term: nc[39m
2025-03-02 21:16:57:1657 [32minfo[39m: [32mGET /api/aviapages/airports?term=ncv[39m
2025-03-02 21:16:57:1657 [32minfo[39m: [32mFound 0 airports for term: ncv[39m
2025-03-02 21:17:15:1715 [32minfo[39m: [32mGET /api/aviapages/airports?term=lf[39m
2025-03-02 21:17:16:1716 [32minfo[39m: [32mGET /api/aviapages/airports?term=lfm[39m
2025-03-02 21:17:16:1716 [32minfo[39m: [32mGET /api/aviapages/airports?term=lfmn[39m
2025-03-02 21:17:16:1716 [32minfo[39m: [32mFound 95 airports for term: lf[39m
2025-03-02 21:17:17:1717 [32minfo[39m: [32mFound 1 airports for term: lfm[39m
2025-03-02 21:17:17:1717 [32minfo[39m: [32mFound 1 airports for term: lfmn[39m
2025-03-02 21:23:04:234 [32minfo[39m: [32mGET /api/auth/me[39m
2025-03-02 21:23:04:234 [32minfo[39m: [32mGET /api/auth/me[39m
2025-03-02 21:23:08:238 [32minfo[39m: [32mGET /api/aviapages/airports?term=ls[39m
2025-03-02 21:23:08:238 [32minfo[39m: [32mGET /api/aviapages/airports?term=lsg[39m
2025-03-02 21:23:08:238 [32minfo[39m: [32mGET /api/aviapages/airports?term=lsgg[39m
2025-03-02 21:23:08:238 [32minfo[39m: [32mFound 0 airports for term: lsg[39m
2025-03-02 21:23:09:239 [32minfo[39m: [32mFound 1 airports for term: lsgg[39m
2025-03-02 21:23:09:239 [32minfo[39m: [32mFound 258 airports for term: ls[39m
2025-03-02 21:23:12:2312 [32minfo[39m: [32mGET /api/aviapages/airports?term=nc[39m
2025-03-02 21:23:12:2312 [32minfo[39m: [32mFound 989 airports for term: nc[39m
2025-03-02 21:23:30:2330 [32minfo[39m: [32mGET /api/aviapages/airports?term=lf[39m
2025-03-02 21:23:31:2331 [32minfo[39m: [32mGET /api/aviapages/airports?term=lfm[39m
2025-03-02 21:23:31:2331 [32minfo[39m: [32mGET /api/aviapages/airports?term=lfmn[39m
2025-03-02 21:23:31:2331 [32minfo[39m: [32mFound 95 airports for term: lf[39m
2025-03-02 21:23:32:2332 [32minfo[39m: [32mFound 1 airports for term: lfm[39m
2025-03-02 21:23:32:2332 [32minfo[39m: [32mFound 1 airports for term: lfmn[39m
2025-03-02 21:25:35:2535 [32minfo[39m: [32mGET /api/auth/me[39m
2025-03-02 21:25:35:2535 [32minfo[39m: [32mGET /api/auth/me[39m
2025-03-02 21:25:38:2538 [32minfo[39m: [32mGET /api/aviapages/airports?term=ls[39m
2025-03-02 21:25:38:2538 [32minfo[39m: [32mGET /api/aviapages/airports?term=lsg[39m
2025-03-02 21:25:38:2538 [32minfo[39m: [32mGET /api/aviapages/airports?term=lsgg[39m
2025-03-02 21:25:39:2539 [32minfo[39m: [32mFound 258 airports for term: ls[39m
2025-03-02 21:25:39:2539 [32minfo[39m: [32mFound 0 airports for term: lsg[39m
2025-03-02 21:25:39:2539 [32minfo[39m: [32mFound 1 airports for term: lsgg[39m
2025-03-02 21:25:42:2542 [32minfo[39m: [32mGET /api/aviapages/airports?term=mn[39m
2025-03-02 21:25:42:2542 [32minfo[39m: [32mGET /api/aviapages/airports?term=mnc[39m
2025-03-02 21:25:42:2542 [32minfo[39m: [32mGET /api/aviapages/airports?term=mncv[39m
2025-03-02 21:25:42:2542 [32minfo[39m: [32mFound 18 airports for term: mn[39m
2025-03-02 21:25:42:2542 [32minfo[39m: [32mFound 1 airports for term: mnc[39m
2025-03-02 21:25:42:2542 [32minfo[39m: [32mFound 0 airports for term: mncv[39m
2025-03-02 21:25:52:2552 [32minfo[39m: [32mGET /api/aviapages/airports?term=ln[39m
2025-03-02 21:25:53:2553 [32minfo[39m: [32mFound 43 airports for term: ln[39m
2025-03-02 21:25:55:2555 [32minfo[39m: [32mGET /api/aviapages/airports?term=lnm[39m
2025-03-02 21:25:55:2555 [32minfo[39m: [32mFound 0 airports for term: lnm[39m
2025-03-02 21:25:55:2555 [32minfo[39m: [32mGET /api/aviapages/airports?term=lnc[39m
2025-03-02 21:25:56:2556 [32minfo[39m: [32mFound 1 airports for term: lnc[39m
2025-03-02 21:25:56:2556 [32minfo[39m: [32mGET /api/aviapages/airports?term=lncv[39m
2025-03-02 21:25:56:2556 [32minfo[39m: [32mFound 0 airports for term: lncv[39m
2025-03-02 21:26:01:261 [32minfo[39m: [32mGET /api/aviapages/airports?term=uh[39m
2025-03-02 21:26:01:261 [32minfo[39m: [32mFound 42 airports for term: uh[39m
2025-03-02 21:26:01:261 [32minfo[39m: [32mGET /api/aviapages/airports?term=uk[39m
2025-03-02 21:26:02:262 [32minfo[39m: [32mGET /api/aviapages/airports?term=ukh[39m
2025-03-02 21:26:02:262 [32minfo[39m: [32mFound 168 airports for term: uk[39m
2025-03-02 21:26:02:262 [32minfo[39m: [32mGET /api/aviapages/airports?term=ukhd[39m
2025-03-02 21:26:02:262 [32minfo[39m: [32mFound 1 airports for term: ukhd[39m
2025-03-02 21:26:03:263 [32minfo[39m: [32mFound 10 airports for term: ukh[39m
2025-03-02 21:27:36:2736 [32minfo[39m: [32mGET /api/aviapages/airports?term=va[39m
2025-03-02 21:27:36:2736 [32minfo[39m: [32mGET /api/aviapages/airports?term=vaj[39m
2025-03-02 21:27:36:2736 [32minfo[39m: [32mGET /api/aviapages/airports?term=vajm[39m
2025-03-02 21:27:36:2736 [32minfo[39m: [32mFound 572 airports for term: va[39m
2025-03-02 21:27:37:2737 [32minfo[39m: [32mFound 3 airports for term: vaj[39m
2025-03-02 21:27:37:2737 [32minfo[39m: [32mFound 1 airports for term: vajm[39m
2025-03-02 21:27:45:2745 [32minfo[39m: [32mGET /api/aviapages/airports?term=uk[39m
2025-03-02 21:27:46:2746 [32minfo[39m: [32mGET /api/aviapages/airports?term=ukh[39m
2025-03-02 21:27:46:2746 [32minfo[39m: [32mGET /api/aviapages/airports?term=ukhd[39m
2025-03-02 21:27:46:2746 [32minfo[39m: [32mFound 168 airports for term: uk[39m
2025-03-02 21:27:46:2746 [32minfo[39m: [32mFound 10 airports for term: ukh[39m
2025-03-02 21:27:46:2746 [32minfo[39m: [32mFound 1 airports for term: ukhd[39m
2025-03-02 21:27:48:2748 [32minfo[39m: [32mPOST /api/aviapages/search-aircraft[39m
2025-03-02 21:27:50:2750 [32minfo[39m: [32mFound 150 aircraft[39m
2025-03-02 21:50:58:5058 [32minfo[39m: [32mServer running on port 5000[39m
2025-03-02 21:50:58:5058 [32minfo[39m: [32mMongoDB Connected[39m
2025-03-02 21:52:20:5220 [32minfo[39m: [32mPOST /api/auth/login[39m
2025-03-02 21:52:21:5221 [32minfo[39m: [32mPOST /api/aviapages/search-aircraft[39m
2025-03-02 21:52:23:5223 [32minfo[39m: [32mFound 150 aircraft[39m
2025-03-02 21:53:20:5320 [32minfo[39m: [32mPOST /api/aviapages/search-aircraft[39m
2025-03-02 21:53:22:5322 [32minfo[39m: [32mFound 150 aircraft[39m
2025-03-02 21:53:56:5356 [32minfo[39m: [32mPOST /api/auth/login[39m
2025-03-02 21:53:56:5356 [32minfo[39m: [32mPOST /api/aviapages/search-aircraft[39m
2025-03-02 21:53:59:5359 [32minfo[39m: [32mFound 150 aircraft[39m
2025-03-03 20:15:11:1511 [32minfo[39m: [32mServer running on port 5000[39m
2025-03-03 20:15:11:1511 [32minfo[39m: [32mMongoDB Connected[39m
2025-03-03 20:15:20:1520 [32minfo[39m: [32mGET /api/auth/me[39m
2025-03-03 20:15:20:1520 [32minfo[39m: [32mGET /api/auth/me[39m
2025-03-03 20:21:37:2137 [32minfo[39m: [32mServer running on port 5000[39m
2025-03-03 20:21:37:2137 [32minfo[39m: [32mMongoDB Connected[39m
2025-03-03 20:52:42:5242 [32minfo[39m: [32mPOST /api/auth/login[39m
2025-03-03 20:52:42:5242 [31merror[39m: [31mError: Invalid credentials[39m
2025-03-03 20:52:45:5245 [32minfo[39m: [32mPOST /api/auth/login[39m
2025-03-03 20:52:45:5245 [31merror[39m: [31mError: Invalid credentials[39m
2025-03-03 20:52:50:5250 [32minfo[39m: [32mPOST /api/auth/login[39m
2025-03-03 20:52:50:5250 [31merror[39m: [31mError: Invalid credentials[39m
2025-03-03 20:53:57:5357 [32minfo[39m: [32mServer running on port 5000[39m
2025-03-03 20:53:57:5357 [32minfo[39m: [32mMongoDB Connected[39m
2025-03-03 20:54:20:5420 [32minfo[39m: [32mPOST /api/auth/register[39m
2025-03-03 20:54:20:5420 [31merror[39m: [31mError: User already exists[39m
2025-03-03 20:54:32:5432 [32minfo[39m: [32mPOST /api/auth/login[39m
2025-03-03 20:54:32:5432 [32minfo[39m: [32mGET /api/bookings[39m
2025-03-03 21:00:50:050 [32minfo[39m: [32mGET /api/auth/me[39m
2025-03-03 21:00:50:050 [32minfo[39m: [32mGET /api/auth/me[39m
2025-03-03 21:00:51:051 [32minfo[39m: [32mGET /api/bookings[39m
2025-03-03 21:01:08:18 [32minfo[39m: [32mGET /api/auth/me[39m
2025-03-03 21:01:08:18 [32minfo[39m: [32mGET /api/auth/me[39m
2025-03-03 21:01:08:18 [32minfo[39m: [32mGET /api/bookings[39m
2025-03-03 21:02:29:229 [32minfo[39m: [32mGET /api/auth/me[39m
2025-03-03 21:02:29:229 [32minfo[39m: [32mGET /api/auth/me[39m
2025-03-03 21:02:30:230 [32minfo[39m: [32mGET /api/bookings[39m
2025-03-03 21:11:08:118 [32minfo[39m: [32mGET /api/auth/me[39m
2025-03-03 21:11:08:118 [32minfo[39m: [32mGET /api/auth/me[39m
2025-03-03 21:11:09:119 [32minfo[39m: [32mGET /api/bookings[39m
2025-03-03 21:13:41:1341 [32minfo[39m: [32mGET /api/auth/me[39m
2025-03-03 21:13:41:1341 [32minfo[39m: [32mGET /api/auth/me[39m
2025-03-03 21:14:45:1445 [32minfo[39m: [32mGET /api/auth/me[39m
2025-03-03 21:14:45:1445 [32minfo[39m: [32mGET /api/auth/me[39m
2025-03-03 21:17:52:1752 [32minfo[39m: [32mGET /api/auth/me[39m
2025-03-03 21:17:52:1752 [32minfo[39m: [32mGET /api/auth/me[39m
2025-03-03 21:19:18:1918 [32minfo[39m: [32mGET /api/auth/me[39m
2025-03-03 21:19:18:1918 [32minfo[39m: [32mGET /api/auth/me[39m
2025-03-03 21:21:42:2142 [32minfo[39m: [32mGET /api/auth/me[39m
2025-03-03 21:21:42:2142 [32minfo[39m: [32mGET /api/auth/me[39m
2025-03-03 21:25:28:2528 [32minfo[39m: [32mGET /api/auth/me[39m
2025-03-03 21:25:28:2528 [32minfo[39m: [32mGET /api/auth/me[39m
2025-03-03 21:27:01:271 [32minfo[39m: [32mGET /api/auth/me[39m
2025-03-03 21:27:01:271 [32minfo[39m: [32mGET /api/auth/me[39m
2025-03-03 21:33:16:3316 [32minfo[39m: [32mGET /api/auth/me[39m
2025-03-03 21:33:16:3316 [32minfo[39m: [32mGET /api/auth/me[39m
2025-03-03 21:34:37:3437 [32minfo[39m: [32mGET /api/auth/me[39m
2025-03-03 21:34:37:3437 [32minfo[39m: [32mGET /api/auth/me[39m
2025-03-03 21:35:03:353 [32minfo[39m: [32mGET /api/auth/me[39m
2025-03-03 21:35:03:353 [32minfo[39m: [32mGET /api/auth/me[39m
2025-03-03 21:42:43:4243 [32minfo[39m: [32mGET /api/auth/me[39m
2025-03-03 21:42:43:4243 [32minfo[39m: [32mGET /api/auth/me[39m
2025-03-03 21:44:57:4457 [32minfo[39m: [32mGET /api/auth/me[39m
2025-03-03 21:44:57:4457 [32minfo[39m: [32mGET /api/auth/me[39m
2025-03-03 21:48:09:489 [32minfo[39m: [32mGET /api/auth/me[39m
2025-03-03 21:48:09:489 [32minfo[39m: [32mGET /api/auth/me[39m
2025-03-03 21:49:36:4936 [32minfo[39m: [32mGET /api/auth/me[39m
2025-03-03 21:49:36:4936 [32minfo[39m: [32mGET /api/auth/me[39m
2025-03-03 21:55:45:5545 [32minfo[39m: [32mServer running on port 5000[39m
2025-03-03 21:55:45:5545 [32minfo[39m: [32mMongoDB Connected[39m
2025-03-03 21:56:24:5624 [32minfo[39m: [32mServer running on port 5000[39m
2025-03-03 21:56:25:5625 [32minfo[39m: [32mMongoDB Connected[39m
2025-03-04 22:17:28:1728 [32minfo[39m: [32mServer running on port 5000[39m
2025-03-04 22:17:28:1728 [32minfo[39m: [32mMongoDB Connected[39m
2025-03-05 13:34:51:3451 [32minfo[39m: [32mServer running on port 5000[39m
2025-03-05 13:34:51:3451 [32minfo[39m: [32mMongoDB Connected[39m
2025-03-05 13:35:24:3524 [32minfo[39m: [32mGET /api/auth/me[39m
2025-03-05 13:35:24:3524 [32minfo[39m: [32mGET /api/auth/me[39m
2025-03-05 13:35:32:3532 [32minfo[39m: [32mGET /api/aviapages/airports?term=sm[39m
2025-03-05 13:35:34:3534 [32minfo[39m: [32mFound 86 airports for term: sm[39m
2025-03-05 13:35:41:3541 [32minfo[39m: [32mGET /api/aviapages/airports?term=cm[39m
2025-03-05 13:35:41:3541 [32minfo[39m: [32mGET /api/aviapages/airports?term=cmd[39m
2025-03-05 13:35:42:3542 [32minfo[39m: [32mFound 9 airports for term: cm[39m
2025-03-05 13:35:42:3542 [32minfo[39m: [32mFound 1 airports for term: cmd[39m
2025-03-05 13:35:54:3554 [32minfo[39m: [32mGET /api/aviapages/airports?term=ys[39m
2025-03-05 13:35:55:3555 [32minfo[39m: [32mGET /api/aviapages/airports?term=yss[39m
2025-03-05 13:35:55:3555 [32minfo[39m: [32mFound 4 airports for term: yss[39m
2025-03-05 13:35:56:3556 [32minfo[39m: [32mFound 130 airports for term: ys[39m
2025-03-05 13:36:05:365 [32minfo[39m: [32mGET /api/aviapages/airports?term=lg[39m
2025-03-05 13:36:06:366 [32minfo[39m: [32mGET /api/aviapages/airports?term=lgm[39m
2025-03-05 13:36:06:366 [32minfo[39m: [32mGET /api/aviapages/airports?term=lgmt[39m
2025-03-05 13:36:06:366 [32minfo[39m: [32mFound 138 airports for term: lg[39m
2025-03-05 13:36:06:366 [32minfo[39m: [32mFound 0 airports for term: lgm[39m
2025-03-05 13:36:07:367 [32minfo[39m: [32mFound 1 airports for term: lgmt[39m
2025-03-05 13:36:13:3613 [32minfo[39m: [32mGET /api/aviapages/airports?term=yc[39m
2025-03-05 13:36:13:3613 [32minfo[39m: [32mGET /api/aviapages/airports?term=yct[39m
2025-03-05 13:36:13:3613 [32minfo[39m: [32mGET /api/aviapages/airports?term=yctm[39m
2025-03-05 13:36:13:3613 [32minfo[39m: [32mFound 29 airports for term: yc[39m
2025-03-05 13:36:14:3614 [32minfo[39m: [32mFound 1 airports for term: yct[39m
2025-03-05 13:36:14:3614 [32minfo[39m: [32mFound 1 airports for term: yctm[39m
2025-03-05 13:36:17:3617 [32minfo[39m: [32mPOST /api/aviapages/search-aircraft[39m
2025-03-05 13:36:18:3618 [32minfo[39m: [32mFound 150 aircraft[39m
2025-03-16 10:41:05:415 [32minfo[39m: [32mServer running on port 5000[39m
2025-03-16 10:41:05:415 [32minfo[39m: [32mMongoDB Connected[39m
2025-03-16 10:41:18:4118 [32minfo[39m: [32mPOST /api/contact/subscribe[39m
2025-03-16 10:41:18:4118 [32minfo[39m: [32mNewsletter subscription from killleraloo@gmail.com[39m
2025-03-16 10:42:07:427 [32minfo[39m: [32mPOST /api/contact/subscribe[39m
2025-03-16 10:42:07:427 [32minfo[39m: [32mNewsletter subscription from killleraloo@gmail.com[39m
2025-03-16 10:47:31:4731 [32minfo[39m: [32mGET /api/aircraft/class/light?page=1&limit=10[39m
2025-03-16 10:47:31:4731 [32minfo[39m: [32mGET /api/aircraft/class/light/api?page=1&limit=10[39m
2025-03-16 10:57:45:5745 [32minfo[39m: [32mGET /api/aircraft/class/light?page=1&limit=10[39m
2025-03-16 10:57:45:5745 [32minfo[39m: [32mGET /api/aircraft/class/light/api?page=1&limit=10[39m
2025-03-16 10:57:53:5753 [32minfo[39m: [32mGET /api/aircraft/class/midsize?page=1&limit=10[39m
2025-03-16 10:57:53:5753 [32minfo[39m: [32mGET /api/aircraft/class/midsize/api?page=1&limit=10[39m
2025-03-16 10:58:12:5812 [32minfo[39m: [32mGET /api/aircraft/class/heavy?page=1&limit=10[39m
2025-03-16 10:58:12:5812 [32minfo[39m: [32mGET /api/aircraft/class/heavy/api?page=1&limit=10[39m
2025-03-16 11:01:25:125 [32minfo[39m: [32mGET /api/aircraft/class/supermidsize?page=1&limit=10[39m
2025-03-16 11:01:25:125 [32minfo[39m: [32mGET /api/aircraft/class/supermidsize/api?page=1&limit=10[39m
2025-03-16 11:01:27:127 [32minfo[39m: [32mGET /api/aircraft/class/ultralong?page=1&limit=10[39m
2025-03-16 11:01:27:127 [32minfo[39m: [32mGET /api/aircraft/class/ultralong/api?page=1&limit=10[39m
2025-03-16 11:02:06:26 [32minfo[39m: [32mPOST /api/auth/login[39m
2025-03-16 11:02:07:27 [32minfo[39m: [32mGET /api/users/me[39m
2025-03-16 11:02:07:27 [32minfo[39m: [32mGET /api/users/me[39m
2025-03-16 11:02:39:239 [32minfo[39m: [32mGET /api/auth/me[39m
2025-03-16 11:02:39:239 [32minfo[39m: [32mGET /api/auth/me[39m
2025-03-16 11:02:40:240 [32minfo[39m: [32mGET /api/users/me[39m
2025-03-16 11:02:40:240 [32minfo[39m: [32mGET /api/users/me[39m
2025-03-16 11:02:43:243 [32minfo[39m: [32mGET /api/auth/me[39m
2025-03-16 11:02:43:243 [32minfo[39m: [32mGET /api/empty-legs[39m
2025-03-16 11:02:43:243 [32minfo[39m: [32mGetting all empty leg flights with automatic price update[39m
2025-03-16 11:02:43:243 [32minfo[39m: [32mStarting scheduled update of empty leg prices[39m
2025-03-16 11:02:43:243 [32minfo[39m: [32mGET /api/auth/me[39m
2025-03-16 11:02:43:243 [32minfo[39m: [32mGET /api/empty-legs[39m
2025-03-16 11:02:43:243 [32minfo[39m: [32mGetting all empty leg flights with automatic price update[39m
2025-03-16 11:02:43:243 [32minfo[39m: [32mStarting scheduled update of empty leg prices[39m
2025-03-16 11:02:43:243 [32minfo[39m: [32mEmpty leg prices updated: 18 updated, 0 added[39m
2025-03-16 11:02:43:243 [32minfo[39m: [32mAuto price update completed: 18 updated, 0 added[39m
2025-03-16 11:02:43:243 [32minfo[39m: [32mEmpty leg prices updated: 18 updated, 0 added[39m
2025-03-16 11:02:43:243 [32minfo[39m: [32mAuto price update completed: 18 updated, 0 added[39m
2025-03-16 11:02:48:248 [32minfo[39m: [32mGET /api/aircraft/class/light?page=1&limit=10[39m
2025-03-16 11:02:48:248 [32minfo[39m: [32mGET /api/auth/me[39m
2025-03-16 11:02:48:248 [32minfo[39m: [32mGET /api/auth/me[39m
2025-03-16 11:02:49:249 [32minfo[39m: [32mGET /api/aircraft/class/light/api?page=1&limit=10[39m
2025-03-16 11:02:57:257 [32minfo[39m: [32mGET /api/auth/me[39m
2025-03-16 11:02:57:257 [32minfo[39m: [32mGET /api/auth/me[39m
2025-03-16 11:10:01:101 [32minfo[39m: [32mGET /api/auth/me[39m
2025-03-16 11:10:01:101 [32minfo[39m: [32mGET /api/auth/me[39m
2025-03-16 11:10:17:1017 [32minfo[39m: [32mGET /api/auth/me[39m
2025-03-16 11:10:17:1017 [32minfo[39m: [32mGET /api/auth/me[39m
2025-03-16 11:10:48:1048 [32minfo[39m: [32mGET /api/auth/me[39m
2025-03-16 11:10:48:1048 [32minfo[39m: [32mGET /api/auth/me[39m
2025-03-16 11:11:37:1137 [32minfo[39m: [32mGET /api/auth/me[39m
2025-03-16 11:11:37:1137 [32minfo[39m: [32mGET /api/auth/me[39m
2025-03-16 11:12:43:1243 [32minfo[39m: [32mGET /api/auth/me[39m
2025-03-16 11:12:43:1243 [32minfo[39m: [32mGET /api/auth/me[39m
2025-03-16 11:14:25:1425 [32minfo[39m: [32mGET /api/auth/me[39m
2025-03-16 11:14:25:1425 [32minfo[39m: [32mGET /api/auth/me[39m
2025-03-16 11:14:28:1428 [32minfo[39m: [32mGET /api/auth/me[39m
2025-03-16 11:14:28:1428 [32minfo[39m: [32mGET /api/auth/me[39m
2025-03-16 11:14:30:1430 [32minfo[39m: [32mGET /api/auth/me[39m
2025-03-16 11:14:30:1430 [32minfo[39m: [32mGET /api/auth/me[39m
2025-03-16 11:33:13:3313 [32minfo[39m: [32mGET /api/users/me[39m
2025-03-16 11:33:13:3313 [32minfo[39m: [32mGET /api/users/me[39m
2025-03-16 11:33:16:3316 [32minfo[39m: [32mGET /api/aviapages/airports?term=KO[39m
2025-03-16 11:33:16:3316 [32minfo[39m: [32mGET /api/aviapages/airports?term=KOL[39m
2025-03-16 11:33:16:3316 [32minfo[39m: [32mGET /api/aviapages/airports?term=KOLK[39m
2025-03-16 11:33:17:3317 [32minfo[39m: [32mFound 312 airports for term: KO[39m
2025-03-16 11:33:17:3317 [32minfo[39m: [32mFound 33 airports for term: KOL[39m
2025-03-16 11:33:17:3317 [32minfo[39m: [32mGET /api/aviapages/airports?term=KOLKA[39m
2025-03-16 11:33:17:3317 [32minfo[39m: [32mFound 1 airports for term: KOLK[39m
2025-03-16 11:33:17:3317 [32minfo[39m: [32mGET /api/aviapages/airports?term=KOLKAT[39m
2025-03-16 11:33:17:3317 [32minfo[39m: [32mFound 1 airports for term: KOLKA[39m
2025-03-16 11:33:17:3317 [32minfo[39m: [32mGET /api/aviapages/airports?term=KOLKATA[39m
2025-03-16 11:33:18:3318 [32minfo[39m: [32mFound 1 airports for term: KOLKAT[39m
2025-03-16 11:33:18:3318 [32minfo[39m: [32mFound 1 airports for term: KOLKATA[39m
2025-03-16 11:33:41:3341 [32minfo[39m: [32mGET /api/aviapages/airports?term=DE[39m
2025-03-16 11:33:42:3342 [32minfo[39m: [32mGET /api/aviapages/airports?term=DEL[39m
2025-03-16 11:33:42:3342 [32minfo[39m: [32mFound 1582 airports for term: DE[39m
2025-03-16 11:33:42:3342 [32minfo[39m: [32mGET /api/aviapages/airports?term=DELH[39m
2025-03-16 11:33:42:3342 [32minfo[39m: [32mGET /api/aviapages/airports?term=DELHU[39m
2025-03-16 11:33:42:3342 [32minfo[39m: [32mFound 10 airports for term: DELH[39m
2025-03-16 11:33:42:3342 [32minfo[39m: [32mFound 148 airports for term: DEL[39m
2025-03-16 11:33:43:3343 [32minfo[39m: [32mFound 0 airports for term: DELHU[39m
2025-03-16 11:33:47:3347 [32minfo[39m: [32mPOST /api/aviapages/search-aircraft[39m
2025-03-16 11:33:49:3349 [32minfo[39m: [32mFound 150 aircraft[39m
2025-03-23 09:34:39:3439 [32minfo[39m: [32mServer running on port 5000[39m
2025-03-23 09:34:39:3439 [32minfo[39m: [32mMongoDB Connected[39m
2025-03-23 09:35:34:3534 [32minfo[39m: [32mGET /api/auth/me[39m
2025-03-23 09:35:34:3534 [32minfo[39m: [32mGET /api/auth/me[39m
2025-03-23 09:35:49:3549 [32minfo[39m: [32mGET /api/users/me[39m
2025-03-23 09:35:49:3549 [32minfo[39m: [32mGET /api/users/me[39m
2025-03-23 09:35:49:3549 [32minfo[39m: [32mGET /api/aviapages/airports?term=KMIA[39m
2025-03-23 09:35:51:3551 [32minfo[39m: [32mFound 1 airports for term: KMIA[39m
2025-03-23 09:36:00:360 [32minfo[39m: [32mGET /api/aviapages/airports?term=lsgg[39m
2025-03-23 09:36:01:361 [32minfo[39m: [32mFound 1 airports for term: lsgg[39m
2025-03-23 09:36:11:3611 [32minfo[39m: [32mPOST /api/aviapages/search-aircraft[39m
2025-03-23 09:36:13:3613 [32minfo[39m: [32mFound 150 aircraft[39m
2025-03-23 09:36:44:3644 [32minfo[39m: [32mPOST /api/aviapages/charter-price[39m
2025-03-23 09:36:45:3645 [32minfo[39m: [32mGET /api/users/me[39m
2025-03-23 09:36:45:3645 [32minfo[39m: [32mGET /api/users/me[39m
2025-03-23 09:36:45:3645 [32minfo[39m: [32mCharter price fetched successfully[39m
2025-03-23 09:37:20:3720 [32minfo[39m: [32mPOST /api/bookings[39m
2025-03-23 09:37:20:3720 [31merror[39m: [31mBooking creation error: Booking validation failed: aircraft: Cast to string failed for value "{[39m
[31m  id: 5939,[39m
[31m  registration: 'LX-EMO',[39m
[31m  type: 'Falcon 900EX EASy',[39m
[31m  class: undefined,[39m
[31m  maxPassengers: 14,[39m
[31m  company: {[39m
[31m    id: 288,[39m
[31m    name: 'FLYINGGROUP',[39m
[31m    slug: 'flying-group',[39m
[31m    logo_path: 'https://md.aviapages.com/media/2021/08/16/FlyingGroup_2020_2714px_UbawVTs.jpg'[39m
[31m  },[39m
[31m  images: [[39m
[31m    'https://md.aviapages.com/media/2021/01/22/DSC09025.jpeg',[39m
[31m    'https://md.aviapages.com/media/2022/01/26/5939_47357_.jpeg'[39m
[31m  ][39m
[31m}" (type Object) at path "aircraft"[39m
2025-03-23 09:37:20:3720 [31merror[39m: [31mError: Booking validation failed: aircraft: Cast to string failed for value "{[39m
[31m  id: 5939,[39m
[31m  registration: 'LX-EMO',[39m
[31m  type: 'Falcon 900EX EASy',[39m
[31m  class: undefined,[39m
[31m  maxPassengers: 14,[39m
[31m  company: {[39m
[31m    id: 288,[39m
[31m    name: 'FLYINGGROUP',[39m
[31m    slug: 'flying-group',[39m
[31m    logo_path: 'https://md.aviapages.com/media/2021/08/16/FlyingGroup_2020_2714px_UbawVTs.jpg'[39m
[31m  },[39m
[31m  images: [[39m
[31m    'https://md.aviapages.com/media/2021/01/22/DSC09025.jpeg',[39m
[31m    'https://md.aviapages.com/media/2022/01/26/5939_47357_.jpeg'[39m
[31m  ][39m
[31m}" (type Object) at path "aircraft"[39m
2025-03-23 09:42:30:4230 [32minfo[39m: [32mServer running on port 5000[39m
2025-03-23 09:42:30:4230 [32minfo[39m: [32mMongoDB Connected[39m
2025-03-23 09:43:00:430 [32minfo[39m: [32mServer running on port 5000[39m
2025-03-23 09:43:00:430 [32minfo[39m: [32mMongoDB Connected[39m
2025-03-23 09:43:51:4351 [32minfo[39m: [32mPOST /api/bookings[39m
2025-03-23 09:43:52:4352 [32minfo[39m: [32mGET /api/bookings[39m
2025-03-23 09:57:56:5756 [32minfo[39m: [32mGET /api/bookings[39m
2025-04-23 21:29:55:2955 [32minfo[39m: [32mServer running on port 5000[39m
2025-04-23 21:29:55:2955 [32minfo[39m: [32mMongoDB Connected[39m
2025-04-23 21:30:01:301 [32minfo[39m: [32mGET /api/auth/me[39m
2025-04-23 21:30:01:301 [31merror[39m: [31mError: Not authorized to access this route[39m
2025-04-23 21:30:01:301 [32minfo[39m: [32mGET /api/auth/me[39m
2025-04-23 21:30:01:301 [31merror[39m: [31mError: Not authorized to access this route[39m
2025-04-23 21:30:13:3013 [32minfo[39m: [32mPOST /api/auth/login[39m
2025-04-23 21:30:14:3014 [32minfo[39m: [32mGET /api/users/me[39m
2025-04-23 21:30:14:3014 [32minfo[39m: [32mGET /api/users/me[39m
2025-04-23 21:30:14:3014 [32minfo[39m: [32mGET /api/aviapages/airports?term=KMIA[39m
2025-04-23 21:30:15:3015 [32minfo[39m: [32mFound 1 airports for term: KMIA[39m
2025-04-23 21:30:18:3018 [32minfo[39m: [32mGET /api/aviapages/airports?term=lk[39m
2025-04-23 21:30:18:3018 [32minfo[39m: [32mGET /api/aviapages/airports?term=lko[39m
2025-04-23 21:30:18:3018 [32minfo[39m: [32mFound 87 airports for term: lk[39m
2025-04-23 21:30:19:3019 [32minfo[39m: [32mFound 7 airports for term: lko[39m
2025-04-23 21:30:26:3026 [32minfo[39m: [32mPOST /api/aviapages/search-aircraft[39m
2025-04-23 21:30:28:3028 [32minfo[39m: [32mFound 150 aircraft[39m
2025-04-23 21:30:48:3048 [32minfo[39m: [32mPOST /api/aviapages/charter-price[39m
2025-04-23 21:30:49:3049 [32minfo[39m: [32mGET /api/users/me[39m
2025-04-23 21:30:49:3049 [32minfo[39m: [32mGET /api/users/me[39m
2025-04-23 21:30:49:3049 [32minfo[39m: [32mCharter price fetched successfully[39m
2025-04-23 21:31:42:3142 [32minfo[39m: [32mPOST /api/bookings[39m
2025-04-23 21:31:43:3143 [32minfo[39m: [32mGET /api/bookings[39m
2025-04-23 21:32:48:3248 [32minfo[39m: [32mGET /api/bookings[39m
2025-04-23 21:33:33:3333 [32minfo[39m: [32mGET /api/users/me[39m
2025-04-23 21:33:33:3333 [32minfo[39m: [32mGET /api/users/me[39m
2025-04-23 21:33:35:3335 [32minfo[39m: [32mGET /api/aircraft/class/light?page=1&limit=10[39m
2025-04-23 21:33:35:3335 [32minfo[39m: [32mGET /api/aircraft/class/light/api?page=1&limit=10[39m
2025-04-23 21:44:39:4439 [32minfo[39m: [32mGET /api/bookings[39m
2025-04-26 16:58:47:5847 [32minfo[39m: [32mServer running on port 5000[39m
2025-04-26 16:58:47:5847 [32minfo[39m: [32mMongoDB Connected[39m
2025-04-26 16:59:19:5919 [32minfo[39m: [32mGET /api/auth/me[39m
2025-04-26 16:59:19:5919 [32minfo[39m: [32mGET /api/auth/me[39m
2025-04-26 17:00:49:049 [32minfo[39m: [32mGET /api/auth/me[39m
2025-04-26 17:00:49:049 [32minfo[39m: [32mGET /api/auth/me[39m
2025-04-26 17:00:59:059 [32minfo[39m: [32mGET /api/auth/me[39m
2025-04-26 17:01:00:10 [32minfo[39m: [32mGET /api/auth/me[39m
2025-04-26 17:02:36:236 [32minfo[39m: [32mGET /api/auth/me[39m
2025-04-26 17:02:36:236 [32minfo[39m: [32mGET /api/auth/me[39m
2025-04-26 17:03:57:357 [32minfo[39m: [32mGET /api/users/me[39m
2025-04-26 17:03:57:357 [32minfo[39m: [32mGET /api/users/me[39m
2025-04-26 17:04:05:45 [32minfo[39m: [32mGET /api/bookings[39m
2025-04-26 17:04:13:413 [32minfo[39m: [32mPATCH /api/users/me[39m
2025-04-26 17:04:16:416 [32minfo[39m: [32mGET /api/users/me[39m
2025-04-26 17:04:16:416 [32minfo[39m: [32mGET /api/users/me[39m
2025-04-26 17:04:25:425 [32minfo[39m: [32mGET /api/users/me[39m
2025-04-26 17:04:32:432 [32minfo[39m: [32mGET /api/users/me[39m
2025-04-26 17:06:29:629 [32minfo[39m: [32mPOST /api/contact/subscribe[39m
2025-04-26 17:06:29:629 [32minfo[39m: [32mNewsletter subscription from abhishek19980402@gmail.com[39m
2025-04-26 17:08:31:831 [32minfo[39m: [32mGET /api/auth/me[39m
2025-04-26 17:08:31:831 [32minfo[39m: [32mGET /api/auth/me[39m
2025-04-26 17:09:45:945 [32minfo[39m: [32mGET /api/auth/me[39m
2025-04-26 17:09:45:945 [32minfo[39m: [32mGET /api/auth/me[39m
2025-04-26 17:10:08:108 [32minfo[39m: [32mPOST /api/contact[39m
2025-04-26 17:10:08:108 [32minfo[39m: [32mContact form submission from Abhishek Kumar Singh (killleraloo@gmail.com)[39m
2025-04-26 17:13:18:1318 [32minfo[39m: [32mPOST /api/auth/forgot-password[39m
2025-04-26 17:13:24:1324 [32minfo[39m: [32mEmail sent: <c0038c17-3f76-9d19-60fc-5b49daa17475@gmail.com>[39m
2025-04-26 17:18:26:1826 [32minfo[39m: [32mPOST /api/auth/forgot-password[39m
2025-04-26 17:19:32:1932 [32minfo[39m: [32mPOST /api/auth/reset-password/adf9c68f2f2e17b433ab3710bf8cf2938ec1cf37[39m
2025-04-26 17:20:08:208 [32minfo[39m: [32mPOST /api/auth/reset-password/adf9c68f2f2e17b433ab3710bf8cf2938ec1cf37[39m
2025-04-26 17:20:08:208 [31merror[39m: [31mError: Invalid or expired token[39m
2025-04-26 17:36:29:3629 [32minfo[39m: [32mPOST /api/auth/login[39m
2025-04-26 17:36:29:3629 [32minfo[39m: [32mGET /api/bookings[39m
2025-04-26 19:02:04:24 [32minfo[39m: [32mGET /api/auth/me[39m
2025-04-26 19:02:04:24 [31merror[39m: [31mError: Not authorized to access this route[39m
2025-04-26 19:02:04:24 [32minfo[39m: [32mGET /api/auth/me[39m
2025-04-26 19:02:04:24 [31merror[39m: [31mError: Not authorized to access this route[39m
2025-04-26 19:02:47:247 [32minfo[39m: [32mPOST /api/auth/login[39m
2025-04-26 19:02:48:248 [32minfo[39m: [32mGET /api/bookings[39m
2025-04-26 19:03:00:30 [32minfo[39m: [32mGET /api/users/me[39m
2025-04-26 19:03:00:30 [32minfo[39m: [32mGET /api/users/me[39m
2025-04-26 19:03:02:32 [32minfo[39m: [32mGET /api/aviapages/airports?term=lsgg[39m
2025-04-26 19:03:04:34 [32minfo[39m: [32mFound 1 airports for term: lsgg[39m
2025-04-26 19:03:07:37 [32minfo[39m: [32mGET /api/aviapages/airports?term=ef[39m
2025-04-26 19:03:08:38 [32minfo[39m: [32mFound 100 airports for term: ef[39m
2025-04-26 19:03:08:38 [32minfo[39m: [32mGET /api/aviapages/airports?term=efe[39m
2025-04-26 19:03:08:38 [32minfo[39m: [32mFound 14 airports for term: efe[39m
2025-04-26 19:03:16:316 [32minfo[39m: [32mPOST /api/aviapages/search-aircraft[39m
2025-04-26 19:03:21:321 [32minfo[39m: [32mFound 150 aircraft[39m
2025-04-26 19:03:31:331 [32minfo[39m: [32mPOST /api/aviapages/charter-price[39m
2025-04-26 19:03:31:331 [32minfo[39m: [32mCharter price fetched successfully[39m
2025-04-26 19:03:32:332 [32minfo[39m: [32mGET /api/users/me[39m
2025-04-26 19:03:32:332 [32minfo[39m: [32mGET /api/users/me[39m
2025-04-26 19:03:56:356 [32minfo[39m: [32mPOST /api/bookings[39m
2025-04-26 19:03:56:356 [32minfo[39m: [32mGET /api/bookings[39m
2025-04-26 19:04:29:429 [32minfo[39m: [32mGET /api/users/me[39m
2025-04-26 19:04:29:429 [32minfo[39m: [32mGET /api/users/me[39m
2025-04-26 19:04:30:430 [32minfo[39m: [32mGET /api/aviapages/airports?term=lsgg[39m
2025-04-26 19:04:34:434 [32minfo[39m: [32mGET /api/aviapages/airports?term=lt[39m
2025-04-26 19:04:34:434 [32minfo[39m: [32mFound 1 airports for term: lsgg[39m
2025-04-26 19:04:34:434 [32minfo[39m: [32mGET /api/aviapages/airports?term=lts[39m
2025-04-26 19:04:34:434 [32minfo[39m: [32mFound 236 airports for term: lt[39m
2025-04-26 19:04:34:434 [32minfo[39m: [32mFound 5 airports for term: lts[39m
2025-04-26 19:04:34:434 [32minfo[39m: [32mGET /api/aviapages/airports?term=ltc[39m
2025-04-26 19:04:35:435 [32minfo[39m: [32mGET /api/aviapages/airports?term=ltcu[39m
2025-04-26 19:04:35:435 [32minfo[39m: [32mFound 1 airports for term: ltc[39m
2025-04-26 19:04:35:435 [32minfo[39m: [32mFound 1 airports for term: ltcu[39m
2025-04-27 11:57:39:5739 [32minfo[39m: [32mServer running on port 5000[39m
2025-04-27 11:57:39:5739 [32minfo[39m: [32mMongoDB Connected[39m
2025-04-27 11:57:54:5754 [32minfo[39m: [32mGET /api/auth/me[39m
2025-04-27 11:57:54:5754 [32minfo[39m: [32mGET /api/auth/me[39m
2025-04-27 11:58:01:581 [32minfo[39m: [32mGET /api/users/me[39m
2025-04-27 11:58:01:581 [32minfo[39m: [32mGET /api/users/me[39m
2025-04-27 11:58:06:586 [32minfo[39m: [32mGET /api/aviapages/airports?term=lsgg[39m
2025-04-27 11:58:08:588 [32minfo[39m: [32mFound 1 airports for term: lsgg[39m
2025-04-27 11:58:11:5811 [32minfo[39m: [32mGET /api/aviapages/airports?term=ev[39m
2025-04-27 11:58:11:5811 [32minfo[39m: [32mFound 277 airports for term: ev[39m
2025-04-27 11:58:23:5823 [32minfo[39m: [32mPOST /api/aviapages/search-aircraft[39m
2025-04-27 11:58:25:5825 [32minfo[39m: [32mFound 150 aircraft[39m
2025-04-27 11:58:31:5831 [32minfo[39m: [32mPOST /api/aviapages/charter-price[39m
2025-04-27 11:58:31:5831 [32minfo[39m: [32mGET /api/users/me[39m
2025-04-27 11:58:31:5831 [32minfo[39m: [32mGET /api/users/me[39m
2025-04-27 11:58:32:5832 [32minfo[39m: [32mCharter price fetched successfully[39m
2025-04-27 11:59:02:592 [32minfo[39m: [32mPOST /api/bookings[39m
2025-04-27 11:59:02:592 [32minfo[39m: [32mGET /api/bookings[39m
